<?xml version="1.0" encoding="UTF-8"?>
<!-- Generated by org.testng.reporters.JUnitReportReporter -->
<testsuite hostname="DESKTOP-H5U1KPA" failures="0" tests="2" name="TestNGPrograms.Day1_Second" time="61.743" errors="0" timestamp="2022-12-25T22:48:46 IST" skipped="0">
  <testcase classname="TestNGPrograms.Day1_Second" name="launchTest" time="57.271"/>
  <system-out/>
  <testcase classname="TestNGPrograms.Day1_Second" name="loginTest" time="4.472"/>
  <system-out/>
</testsuite> <!-- TestNGPrograms.Day1_Second -->
