<?xml version="1.0" encoding="UTF-8"?>
<!-- Generated by org.testng.reporters.JUnitReportReporter -->
<testsuite hostname="DESKTOP-H5U1KPA" failures="0" tests="2" name="TestNGPrograms.Second" time="15.261" errors="0" timestamp="2022-12-21T21:50:29 IST" skipped="0">
  <testcase classname="TestNGPrograms.Second" name="launchTest" time="14.430"/>
  <system-out/>
  <testcase classname="TestNGPrograms.Second" name="loginTest" time="0.831"/>
  <system-out/>
</testsuite> <!-- TestNGPrograms.Second -->
