<?xml version="1.0" encoding="UTF-8"?>
<!-- Generated by org.testng.reporters.JUnitReportReporter -->
<testsuite hostname="DESKTOP-H5U1KPA" failures="0" tests="6" name="TestNGPrograms.Day12_ParallelTest" time="68.370" errors="0" timestamp="2023-01-03T16:52:50 IST" skipped="0">
  <testcase classname="TestNGPrograms.Day12_ParallelTest" name="EdgeTest" time="12.930"/>
  <system-out/>
  <testcase classname="TestNGPrograms.Day12_ParallelTest" name="FirefoxTest" time="38.719"/>
  <system-out/>
  <testcase classname="TestNGPrograms.Day12_ParallelTest" name="ChromeTest" time="16.672"/>
  <system-out/>
  <testcase classname="TestNGPrograms.Day12_ParallelTest" name="AccountTest" time="0.003"/>
  <system-out/>
  <testcase classname="TestNGPrograms.Day12_ParallelTest" name="AccountTest" time="0.043"/>
  <system-out/>
  <testcase classname="TestNGPrograms.Day12_ParallelTest" name="AccountTest" time="0.003"/>
  <system-out/>
</testsuite> <!-- TestNGPrograms.Day12_ParallelTest -->
