<?xml version="1.0" encoding="UTF-8"?>
<!-- Generated by org.testng.reporters.JUnitReportReporter -->
<testsuite hostname="DESKTOP-H5U1KPA" failures="0" tests="6" name="TestNGPrograms.Day8_DPTest" time="312.979" errors="0" timestamp="2022-12-30T15:26:02 IST" skipped="0">
  <testcase classname="TestNGPrograms.Day8_DPTest" name="FaceBookLogin" time="65.938"/>
  <system-out>
    <![CDATA[Chrome Successfully Started
Successfully Enter username and password and click on login button]]>
  </system-out>
  <testcase classname="TestNGPrograms.Day8_DPTest" name="FaceBookLogin" time="20.380"/>
  <system-out>
    <![CDATA[Chrome Successfully Started
Successfully Enter username and password and click on login button]]>
  </system-out>
  <testcase classname="TestNGPrograms.Day8_DPTest" name="FaceBookLogin" time="50.293"/>
  <system-out>
    <![CDATA[Chrome Successfully Started
Successfully Enter username and password and click on login button]]>
  </system-out>
  <testcase classname="TestNGPrograms.Day8_DPTest" name="FaceBookLogin" time="104.434"/>
  <system-out>
    <![CDATA[Chrome Successfully Started
Successfully Enter username and password and click on login button]]>
  </system-out>
  <testcase classname="TestNGPrograms.Day8_DPTest" name="FaceBookLogin" time="33.773"/>
  <system-out>
    <![CDATA[Chrome Successfully Started
Successfully Enter username and password and click on login button]]>
  </system-out>
  <testcase classname="TestNGPrograms.Day8_DPTest" name="FaceBookLogin" time="38.161"/>
  <system-out>
    <![CDATA[Chrome Successfully Started
Successfully Enter username and password and click on login button]]>
  </system-out>
</testsuite> <!-- TestNGPrograms.Day8_DPTest -->
