<?xml version="1.0" encoding="UTF-8"?>
<!-- Generated by org.testng.reporters.JUnitReportReporter -->
<testsuite hostname="DESKTOP-H5U1KPA" failures="0" tests="3" name="TestNGPrograms.Day5_GroupDependentTest" time="0.025" errors="0" timestamp="2022-12-28T14:57:26 IST" skipped="0">
  <testcase classname="TestNGPrograms.Day5_GroupDependentTest" name="signIn" time="0.003"/>
  <system-out/>
  <testcase classname="TestNGPrograms.Day5_GroupDependentTest" name="openBrowser" time="0.019"/>
  <system-out/>
  <testcase classname="TestNGPrograms.Day5_GroupDependentTest" name="viewAcc" time="0.003"/>
  <system-out/>
</testsuite> <!-- TestNGPrograms.Day5_GroupDependentTest -->
