<?xml version="1.0" encoding="UTF-8"?>
<!-- Generated by org.testng.reporters.JUnitReportReporter -->
<testsuite hostname="DESKTOP-H5U1KPA" failures="0" tests="4" name="TestNGPrograms.Day3_GroupTest" time="28.562" errors="0" timestamp="2022-12-25T22:51:42 IST" skipped="0">
  <testcase classname="TestNGPrograms.Day3_GroupTest" name="checkTitle" time="0.088"/>
  <system-out/>
  <testcase classname="TestNGPrograms.Day3_GroupTest" name="clickonElement" time="2.743"/>
  <system-out/>
  <testcase classname="TestNGPrograms.Day3_GroupTest" name="Starting_point" time="17.333"/>
  <system-out/>
  <testcase classname="TestNGPrograms.Day3_GroupTest" name="Starting_point" time="8.398"/>
  <system-out/>
</testsuite> <!-- TestNGPrograms.Day3_GroupTest -->
