<?xml version="1.0" encoding="UTF-8"?>
<!-- Generated by org.testng.reporters.JUnitReportReporter -->
<testsuite hostname="DESKTOP-H5U1KPA" failures="0" tests="2" name="TestNGPrograms.Day8_DatapTest" time="0.028" errors="0" timestamp="2022-12-29T21:31:19 IST" skipped="0">
  <testcase classname="TestNGPrograms.Day8_DatapTest" name="f" time="0.024"/>
  <system-out/>
  <testcase classname="TestNGPrograms.Day8_DatapTest" name="f" time="0.004"/>
  <system-out/>
</testsuite> <!-- TestNGPrograms.Day8_DatapTest -->
