<?xml version="1.0" encoding="UTF-8"?>
<!-- Generated by org.testng.reporters.JUnitReportReporter -->
<testsuite hostname="DESKTOP-H5U1KPA" failures="0" tests="1" name="TestNGPrograms.Day2_AnnotationDemo" time="11.171" errors="0" timestamp="2022-12-25T22:29:25 IST" skipped="0">
  <testcase classname="TestNGPrograms.Day2_AnnotationDemo" name="first" time="11.171"/>
  <system-out/>
</testsuite> <!-- TestNGPrograms.Day2_AnnotationDemo -->
