<?xml version="1.0" encoding="UTF-8"?>
<!-- Generated by org.testng.reporters.JUnitReportReporter -->
<testsuite hostname="DESKTOP-H5U1KPA" failures="0" tests="1" name="TestNGPrograms.Day2_AnnotationTest" time="0.021" errors="0" timestamp="2022-12-25T22:25:21 IST" skipped="0">
  <testcase classname="TestNGPrograms.Day2_AnnotationTest" name="first" time="0.021"/>
  <system-out/>
</testsuite> <!-- TestNGPrograms.Day2_AnnotationTest -->
