<?xml version="1.0" encoding="UTF-8"?>
<!-- Generated by org.testng.reporters.JUnitReportReporter -->
<testsuite hostname="DESKTOP-H5U1KPA" failures="0" tests="1" name="TestNGPrograms.Day2_NewTest" time="26.932" errors="0" timestamp="2022-12-22T18:09:55 IST" skipped="0">
  <testcase classname="TestNGPrograms.Day2_NewTest" name="launchBrowser" time="26.932"/>
  <system-out/>
</testsuite> <!-- TestNGPrograms.Day2_NewTest -->
