<?xml version="1.0" encoding="UTF-8"?>
<!-- Generated by org.testng.reporters.JUnitReportReporter -->
<testsuite hostname="DESKTOP-H5U1KPA" failures="0" tests="2" name="TestNGPrograms.Day5_ChildTest" time="4.841" errors="0" timestamp="2022-12-28T15:03:54 IST" skipped="0">
  <testcase classname="TestNGPrograms.Day5_ChildTest" name="LogIn" time="0.004"/>
  <system-out/>
  <testcase classname="TestNGPrograms.Day5_ChildTest" name="openBrowser" time="4.837"/>
  <system-out/>
</testsuite> <!-- TestNGPrograms.Day5_ChildTest -->
