<?xml version="1.0" encoding="UTF-8"?>
<!-- Generated by org.testng.reporters.JUnitReportReporter -->
<testsuite hostname="DESKTOP-H5U1KPA" failures="0" tests="4" name="TestNGPrograms.Day10_ChromeTest" time="0.288" errors="0" timestamp="2022-12-31T08:31:28 IST" skipped="0">
  <testcase classname="TestNGPrograms.Day10_ChromeTest" name="ChromeTest" time="0.073"/>
  <system-out/>
  <testcase classname="TestNGPrograms.Day10_ChromeTest" name="ChromeTest" time="0.072"/>
  <system-out/>
  <testcase classname="TestNGPrograms.Day10_ChromeTest" name="ChromeTest" time="0.072"/>
  <system-out/>
  <testcase classname="TestNGPrograms.Day10_ChromeTest" name="ChromeTest" time="0.071"/>
  <system-out/>
</testsuite> <!-- TestNGPrograms.Day10_ChromeTest -->
