<?xml version="1.0" encoding="UTF-8"?>
<!-- Generated by org.testng.reporters.JUnitReportReporter -->
<testsuite hostname="DESKTOP-H5U1KPA" failures="0" tests="2" name="TestNGPrograms.Day7_ParametersTest" time="117.625" errors="0" timestamp="2022-12-29T21:19:30 IST" skipped="0">
  <testcase classname="TestNGPrograms.Day7_ParametersTest" name="SelectBrowser" time="83.435"/>
  <system-out/>
  <testcase classname="TestNGPrograms.Day7_ParametersTest" name="SelectBrowser" time="34.190"/>
  <system-out/>
</testsuite> <!-- TestNGPrograms.Day7_ParametersTest -->
