<?xml version="1.0" encoding="UTF-8"?>
<!-- Generated by org.testng.reporters.JUnitReportReporter -->
<testsuite hostname="DESKTOP-H5U1KPA" failures="0" tests="2" name="TestNGPrograms.First" time="0.045" errors="0" timestamp="2022-12-21T21:49:46 IST" skipped="0">
  <testcase classname="TestNGPrograms.First" name="firsttest" time="0.005"/>
  <system-out/>
  <testcase classname="TestNGPrograms.First" name="Secondtest" time="0.040"/>
  <system-out/>
</testsuite> <!-- TestNGPrograms.First -->
