<?xml version="1.0" encoding="UTF-8"?>
<!-- Generated by org.testng.reporters.JUnitReportReporter -->
<testsuite hostname="DESKTOP-H5U1KPA" failures="0" tests="4" name="TestNGPrograms.Day4_PriorityTest" time="26.194" errors="0" timestamp="2022-12-26T22:26:49 IST" skipped="1">
  <testcase classname="TestNGPrograms.Day4_PriorityTest" name="clickonElement" time="2.283"/>
  <system-out/>
  <testcase classname="TestNGPrograms.Day4_PriorityTest" name="string_point" time="23.882"/>
  <system-out/>
  <testcase classname="TestNGPrograms.Day4_PriorityTest" name="checkTitle" time="0.029"/>
  <system-out/>
  <testcase classname="TestNGPrograms.Day4_PriorityTest" name="insert_data">
    <skipped/>
  </testcase> <!-- insert_data -->
  <system-out/>
</testsuite> <!-- TestNGPrograms.Day4_PriorityTest -->
