<?xml version="1.0" encoding="UTF-8"?>
<!-- Generated by org.testng.reporters.JUnitReportReporter -->
<testsuite hostname="DESKTOP-H5U1KPA" failures="0" tests="4" name="TestNGPrograms.Day5_GroupDependancy" time="0.036" errors="0" timestamp="2022-12-28T15:06:53 IST" skipped="0">
  <testcase classname="TestNGPrograms.Day5_GroupDependancy" name="OpenBrowser" time="0.022"/>
  <system-out/>
  <testcase classname="TestNGPrograms.Day5_GroupDependancy" name="CloseAccount" time="0.003"/>
  <system-out/>
  <testcase classname="TestNGPrograms.Day5_GroupDependancy" name="ViewAcc" time="0.004"/>
  <system-out/>
  <testcase classname="TestNGPrograms.Day5_GroupDependancy" name="LogIn" time="0.007"/>
  <system-out/>
</testsuite> <!-- TestNGPrograms.Day5_GroupDependancy -->
