<?xml version="1.0" encoding="UTF-8"?>
<!-- Generated by org.testng.reporters.JUnitReportReporter -->
<testsuite hostname="DESKTOP-H5U1KPA" failures="0" tests="1" name="TestNGPrograms.SecondTest" time="22.406" errors="0" timestamp="2022-12-22T17:51:30 IST" skipped="0">
  <testcase classname="TestNGPrograms.SecondTest" name="f" time="22.406"/>
  <system-out/>
</testsuite> <!-- TestNGPrograms.SecondTest -->
