<?xml version="1.0" encoding="UTF-8"?>
<!-- Generated by org.testng.reporters.JUnitReportReporter -->
<testsuite hostname="DESKTOP-H5U1KPA" failures="0" tests="2" name="TestNGPrograms.Day7_OptionalTest" time="0.039" errors="0" timestamp="2022-12-29T21:16:21 IST" skipped="0">
  <testcase classname="TestNGPrograms.Day7_OptionalTest" name="op" time="0.007"/>
  <system-out/>
  <testcase classname="TestNGPrograms.Day7_OptionalTest" name="OP1" time="0.032"/>
  <system-out/>
</testsuite> <!-- TestNGPrograms.Day7_OptionalTest -->
