<?xml version="1.0" encoding="UTF-8"?>
<!-- Generated by org.testng.reporters.JUnitReportReporter -->
<testsuite hostname="DESKTOP-H5U1KPA" failures="0" tests="3" name="TestNGPrograms.Day3_NewTest1" time="0.030" errors="0" timestamp="2022-12-25T22:53:20 IST" skipped="0">
  <testcase classname="TestNGPrograms.Day3_NewTest1" name="first" time="0.023"/>
  <system-out/>
  <testcase classname="TestNGPrograms.Day3_NewTest1" name="second" time="0.003"/>
  <system-out/>
  <testcase classname="TestNGPrograms.Day3_NewTest1" name="third" time="0.004"/>
  <system-out/>
</testsuite> <!-- TestNGPrograms.Day3_NewTest1 -->
