<?xml version="1.0" encoding="UTF-8"?>
<!-- Generated by org.testng.reporters.JUnitReportReporter -->
<testsuite hostname="DESKTOP-H5U1KPA" failures="0" tests="2" name="TestNGPrograms.Day9_CrossBrowserTest" time="8.030" errors="0" timestamp="2022-12-29T12:32:26 IST" skipped="0">
  <testcase classname="TestNGPrograms.Day9_CrossBrowserTest" name="FBlogin" time="1.475"/>
  <system-out/>
  <testcase classname="TestNGPrograms.Day9_CrossBrowserTest" name="FBlogin" time="6.555"/>
  <system-out/>
</testsuite> <!-- TestNGPrograms.Day9_CrossBrowserTest -->
