<?xml version="1.0" encoding="UTF-8"?>
<!-- Generated by org.testng.reporters.JUnitReportReporter -->
<testsuite hostname="DESKTOP-H5U1KPA" failures="0" tests="1" name="TestNGPrograms.Day5_BaseTest" time="3.995" errors="0" timestamp="2022-12-28T15:01:06 IST" skipped="0">
  <testcase classname="TestNGPrograms.Day5_BaseTest" name="openBrowser" time="3.995"/>
  <system-out/>
</testsuite> <!-- TestNGPrograms.Day5_BaseTest -->
