<?xml version="1.0" encoding="UTF-8"?>
<!-- Generated by org.testng.reporters.JUnitReportReporter -->
<testsuite hostname="DESKTOP-H5U1KPA" failures="0" tests="4" name="TestNGPrograms.Day7_Multiply" time="0.048" errors="0" timestamp="2022-12-29T21:15:37 IST" skipped="0">
  <testcase classname="TestNGPrograms.Day7_Multiply" name="Mul" time="0.003"/>
  <system-out/>
  <testcase classname="TestNGPrograms.Day7_Multiply" name="Div" time="0.028"/>
  <system-out/>
  <testcase classname="TestNGPrograms.Day7_Multiply" name="Div" time="0.009"/>
  <system-out/>
  <testcase classname="TestNGPrograms.Day7_Multiply" name="Mul" time="0.008"/>
  <system-out/>
</testsuite> <!-- TestNGPrograms.Day7_Multiply -->
