<?xml version="1.0" encoding="UTF-8"?>
<!-- Generated by org.testng.reporters.JUnitReportReporter -->
<testsuite hostname="DESKTOP-H5U1KPA" failures="0" tests="32" name="TestNGPrograms.Day8_DataDrivenTest" time="0.160" errors="0" timestamp="2022-12-29T21:29:17 IST" skipped="0">
  <testcase classname="TestNGPrograms.Day8_DataDrivenTest" name="diff" time="0.002"/>
  <system-out/>
  <testcase classname="TestNGPrograms.Day8_DataDrivenTest" name="add" time="0.004"/>
  <system-out/>
  <testcase classname="TestNGPrograms.Day8_DataDrivenTest" name="diff" time="0.003"/>
  <system-out/>
  <testcase classname="TestNGPrograms.Day8_DataDrivenTest" name="diff" time="0.002"/>
  <system-out/>
  <testcase classname="TestNGPrograms.Day8_DataDrivenTest" name="mul" time="0.002"/>
  <system-out/>
  <testcase classname="TestNGPrograms.Day8_DataDrivenTest" name="mul" time="0.003"/>
  <system-out/>
  <testcase classname="TestNGPrograms.Day8_DataDrivenTest" name="add" time="0.041"/>
  <system-out/>
  <testcase classname="TestNGPrograms.Day8_DataDrivenTest" name="mul" time="0.001"/>
  <system-out/>
  <testcase classname="TestNGPrograms.Day8_DataDrivenTest" name="diff" time="0.002"/>
  <system-out/>
  <testcase classname="TestNGPrograms.Day8_DataDrivenTest" name="add" time="0.017"/>
  <system-out/>
  <testcase classname="TestNGPrograms.Day8_DataDrivenTest" name="diff" time="0.006"/>
  <system-out/>
  <testcase classname="TestNGPrograms.Day8_DataDrivenTest" name="diff" time="0.002"/>
  <system-out/>
  <testcase classname="TestNGPrograms.Day8_DataDrivenTest" name="div" time="0.004"/>
  <system-out/>
  <testcase classname="TestNGPrograms.Day8_DataDrivenTest" name="div" time="0.002"/>
  <system-out/>
  <testcase classname="TestNGPrograms.Day8_DataDrivenTest" name="div" time="0.005"/>
  <system-out/>
  <testcase classname="TestNGPrograms.Day8_DataDrivenTest" name="mul" time="0.001"/>
  <system-out/>
  <testcase classname="TestNGPrograms.Day8_DataDrivenTest" name="add" time="0.003"/>
  <system-out/>
  <testcase classname="TestNGPrograms.Day8_DataDrivenTest" name="div" time="0.005"/>
  <system-out/>
  <testcase classname="TestNGPrograms.Day8_DataDrivenTest" name="mul" time="0.003"/>
  <system-out/>
  <testcase classname="TestNGPrograms.Day8_DataDrivenTest" name="diff" time="0.011"/>
  <system-out/>
  <testcase classname="TestNGPrograms.Day8_DataDrivenTest" name="div" time="0.002"/>
  <system-out/>
  <testcase classname="TestNGPrograms.Day8_DataDrivenTest" name="mul" time="0.001"/>
  <system-out/>
  <testcase classname="TestNGPrograms.Day8_DataDrivenTest" name="div" time="0.002"/>
  <system-out/>
  <testcase classname="TestNGPrograms.Day8_DataDrivenTest" name="mul" time="0.002"/>
  <system-out/>
  <testcase classname="TestNGPrograms.Day8_DataDrivenTest" name="div" time="0.002"/>
  <system-out/>
  <testcase classname="TestNGPrograms.Day8_DataDrivenTest" name="add" time="0.004"/>
  <system-out/>
  <testcase classname="TestNGPrograms.Day8_DataDrivenTest" name="mul" time="0.002"/>
  <system-out/>
  <testcase classname="TestNGPrograms.Day8_DataDrivenTest" name="add" time="0.004"/>
  <system-out/>
  <testcase classname="TestNGPrograms.Day8_DataDrivenTest" name="div" time="0.001"/>
  <system-out/>
  <testcase classname="TestNGPrograms.Day8_DataDrivenTest" name="add" time="0.014"/>
  <system-out/>
  <testcase classname="TestNGPrograms.Day8_DataDrivenTest" name="add" time="0.004"/>
  <system-out/>
  <testcase classname="TestNGPrograms.Day8_DataDrivenTest" name="diff" time="0.003"/>
  <system-out/>
</testsuite> <!-- TestNGPrograms.Day8_DataDrivenTest -->
