<?xml version="1.0" encoding="UTF-8"?>
<!-- Generated by org.testng.reporters.JUnitReportReporter -->
<testsuite hostname="DESKTOP-H5U1KPA" failures="0" tests="3" name="TestNGPrograms.Day5_DependentTest" time="10.185" errors="0" timestamp="2022-12-28T14:56:10 IST" skipped="0">
  <testcase classname="TestNGPrograms.Day5_DependentTest" name="openBrowser" time="10.178"/>
  <system-out/>
  <testcase classname="TestNGPrograms.Day5_DependentTest" name="viewAcc" time="0.002"/>
  <system-out/>
  <testcase classname="TestNGPrograms.Day5_DependentTest" name="SignIn" time="0.005"/>
  <system-out/>
</testsuite> <!-- TestNGPrograms.Day5_DependentTest -->
