<?xml version="1.0" encoding="UTF-8"?>
<!-- Generated by org.testng.reporters.JUnitReportReporter -->
<testsuite hostname="DESKTOP-H5U1KPA" failures="0" tests="1" name="TestNGPrograms.Day1_FirstTest" time="27.229" errors="0" timestamp="2022-12-22T20:57:03 IST" skipped="0">
  <testcase classname="TestNGPrograms.Day1_FirstTest" name="fiza" time="27.229"/>
  <system-out/>
</testsuite> <!-- TestNGPrograms.Day1_FirstTest -->
