<?xml version="1.0" encoding="UTF-8"?>
<!-- Generated by org.testng.reporters.JUnitReportReporter -->
<testsuite hostname="DESKTOP-H5U1KPA" failures="0" tests="2" name="TestNGPrograms.Day1_First" time="0.046" errors="0" timestamp="2022-12-22T18:30:55 IST" skipped="0">
  <testcase classname="TestNGPrograms.Day1_First" name="srcondtest" time="0.008"/>
  <system-out/>
  <testcase classname="TestNGPrograms.Day1_First" name="firsttest" time="0.038"/>
  <system-out/>
</testsuite> <!-- TestNGPrograms.Day1_First -->
