<?xml version="1.0" encoding="UTF-8"?>
<!-- Generated by org.testng.reporters.JUnitReportReporter -->
<testsuite hostname="DESKTOP-H5U1KPA" failures="0" tests="6" name="TestNGPrograms.Day8_DPTest1" time="143.462" errors="0" timestamp="2022-12-29T21:36:46 IST" skipped="0">
  <testcase classname="TestNGPrograms.Day8_DPTest1" name="FaceBookLogin" time="8.693"/>
  <system-out/>
  <testcase classname="TestNGPrograms.Day8_DPTest1" name="FaceBookLogin" time="21.691"/>
  <system-out/>
  <testcase classname="TestNGPrograms.Day8_DPTest1" name="FaceBookLogin" time="23.542"/>
  <system-out/>
  <testcase classname="TestNGPrograms.Day8_DPTest1" name="FaceBookLogin" time="43.414"/>
  <system-out/>
  <testcase classname="TestNGPrograms.Day8_DPTest1" name="FaceBookLogin" time="18.952"/>
  <system-out/>
  <testcase classname="TestNGPrograms.Day8_DPTest1" name="FaceBookLogin" time="27.170"/>
  <system-out/>
</testsuite> <!-- TestNGPrograms.Day8_DPTest1 -->
