<?xml version="1.0" encoding="UTF-8"?>
<!-- Generated by org.testng.reporters.JUnitReportReporter -->
<testsuite hostname="DESKTOP-H5U1KPA" failures="0" tests="2" name="TestNGPrograms.Day7_Param" time="0.052" errors="0" timestamp="2022-12-29T21:15:00 IST" skipped="0">
  <testcase classname="TestNGPrograms.Day7_Param" name="Diff" time="0.049"/>
  <system-out/>
  <testcase classname="TestNGPrograms.Day7_Param" name="Sum" time="0.003"/>
  <system-out/>
</testsuite> <!-- TestNGPrograms.Day7_Param -->
