<?xml version="1.0" encoding="UTF-8"?>
<!-- Generated by org.testng.reporters.JUnitReportReporter -->
<testsuite hostname="DESKTOP-H5U1KPA" failures="0" tests="3" name="TestNGPrograms.Day6_AssertTest" time="28.632" errors="0" timestamp="2022-12-28T15:09:50 IST" skipped="0">
  <testcase classname="TestNGPrograms.Day6_AssertTest" name="openBrowser" time="27.346"/>
  <system-out/>
  <testcase classname="TestNGPrograms.Day6_AssertTest" name="checkTitle" time="0.682"/>
  <system-out/>
  <testcase classname="TestNGPrograms.Day6_AssertTest" name="checklogo" time="0.604"/>
  <system-out/>
</testsuite> <!-- TestNGPrograms.Day6_AssertTest -->
