<?xml version="1.0" encoding="UTF-8"?>
<!-- Generated by org.testng.reporters.JUnitReportReporter -->
<testsuite hostname="DESKTOP-H5U1KPA" failures="0" tests="3" name="TestNGPrograms.Day5_MultipleDependentTest" time="0.029" errors="0" timestamp="2022-12-28T14:58:28 IST" skipped="0">
  <testcase classname="TestNGPrograms.Day5_MultipleDependentTest" name="OpenBrowser" time="0.023"/>
  <system-out/>
  <testcase classname="TestNGPrograms.Day5_MultipleDependentTest" name="SignIn" time="0.003"/>
  <system-out/>
  <testcase classname="TestNGPrograms.Day5_MultipleDependentTest" name="LogOut" time="0.003"/>
  <system-out/>
</testsuite> <!-- TestNGPrograms.Day5_MultipleDependentTest -->
