<?xml version="1.0" encoding="UTF-8"?>
<!-- Generated by org.testng.reporters.JUnitReportReporter -->
<testsuite hostname="DESKTOP-H5U1KPA" failures="0" tests="1" name="TestNGPrograms.FirstTest" time="10.171" errors="0" timestamp="2022-12-21T21:52:15 IST" skipped="0">
  <testcase classname="TestNGPrograms.FirstTest" name="fiza" time="10.171"/>
  <system-out/>
</testsuite> <!-- TestNGPrograms.FirstTest -->
