<?xml version="1.0" encoding="UTF-8"?>
<!-- Generated by org.testng.reporters.JUnitReportReporter -->
<testsuite hostname="DESKTOP-H5U1KPA" failures="0" tests="1" name="TestNGPrograms.AnnotationTest" time="0.015" errors="0" timestamp="2022-12-22T16:48:21 IST" skipped="0">
  <testcase classname="TestNGPrograms.AnnotationTest" name="f" time="0.015"/>
  <system-out/>
</testsuite> <!-- TestNGPrograms.AnnotationTest -->
