<?xml version="1.0" encoding="UTF-8"?>
<!-- Generated by org.testng.reporters.JUnitReportReporter -->
<testsuite hostname="DESKTOP-H5U1KPA" failures="0" tests="3" name="TestNGPrograms.AnnotationDemo" time="62.775" errors="0" timestamp="2022-12-22T17:32:58 IST" skipped="0">
  <testcase classname="TestNGPrograms.AnnotationDemo" name="second" time="36.542"/>
  <system-out/>
  <testcase classname="TestNGPrograms.AnnotationDemo" name="third" time="11.374"/>
  <system-out/>
  <testcase classname="TestNGPrograms.AnnotationDemo" name="first" time="14.859"/>
  <system-out/>
</testsuite> <!-- TestNGPrograms.AnnotationDemo -->
